<?xml version="1.0" encoding="UTF-8"?>
<testsuite xmlns:xsi="http://www.w3.org/2001/XMLSchema-instance" xsi:noNamespaceSchemaLocation="https://maven.apache.org/surefire/maven-surefire-plugin/xsd/surefire-test-report-3.0.xsd" version="3.0" name="TestSuite" time="34.099" tests="3" errors="0" skipped="0" failures="0">
  <properties>
    <property name="gopherProxySet" value="false"/>
    <property name="awt.toolkit" value="sun.lwawt.macosx.LWCToolkit"/>
    <property name="file.encoding.pkg" value="sun.io"/>
    <property name="java.specification.version" value="1.8"/>
    <property name="sun.cpu.isalist" value=""/>
    <property name="sun.jnu.encoding" value="UTF-8"/>
    <property name="java.class.path" value="/Users/santoshsrinivas/Documents/RestAssuredAutomation/target/test-classes:/Users/santoshsrinivas/Documents/RestAssuredAutomation/target/classes:/Users/santoshsrinivas/.m2/repository/org/seleniumhq/selenium/selenium-java/3.5.3/selenium-java-3.5.3.jar:/Users/santoshsrinivas/.m2/repository/org/seleniumhq/selenium/selenium-api/3.5.3/selenium-api-3.5.3.jar:/Users/santoshsrinivas/.m2/repository/org/seleniumhq/selenium/selenium-chrome-driver/3.5.3/selenium-chrome-driver-3.5.3.jar:/Users/santoshsrinivas/.m2/repository/org/seleniumhq/selenium/selenium-edge-driver/3.5.3/selenium-edge-driver-3.5.3.jar:/Users/santoshsrinivas/.m2/repository/org/seleniumhq/selenium/selenium-firefox-driver/3.5.3/selenium-firefox-driver-3.5.3.jar:/Users/santoshsrinivas/.m2/repository/org/seleniumhq/selenium/selenium-ie-driver/3.5.3/selenium-ie-driver-3.5.3.jar:/Users/santoshsrinivas/.m2/repository/org/seleniumhq/selenium/selenium-opera-driver/3.5.3/selenium-opera-driver-3.5.3.jar:/Users/santoshsrinivas/.m2/repository/org/seleniumhq/selenium/selenium-remote-driver/3.5.3/selenium-remote-driver-3.5.3.jar:/Users/santoshsrinivas/.m2/repository/org/seleniumhq/selenium/selenium-safari-driver/3.5.3/selenium-safari-driver-3.5.3.jar:/Users/santoshsrinivas/.m2/repository/org/seleniumhq/selenium/selenium-support/3.5.3/selenium-support-3.5.3.jar:/Users/santoshsrinivas/.m2/repository/cglib/cglib-nodep/3.2.4/cglib-nodep-3.2.4.jar:/Users/santoshsrinivas/.m2/repository/org/apache/commons/commons-exec/1.3/commons-exec-1.3.jar:/Users/santoshsrinivas/.m2/repository/org/apache/commons/commons-lang3/3.5/commons-lang3-3.5.jar:/Users/santoshsrinivas/.m2/repository/commons-codec/commons-codec/1.10/commons-codec-1.10.jar:/Users/santoshsrinivas/.m2/repository/commons-io/commons-io/2.5/commons-io-2.5.jar:/Users/santoshsrinivas/.m2/repository/commons-logging/commons-logging/1.2/commons-logging-1.2.jar:/Users/santoshsrinivas/.m2/repository/org/w3c/css/sac/1.3/sac-1.3.jar:/Users/santoshsrinivas/.m2/repository/net/sourceforge/cssparser/cssparser/0.9.23/cssparser-0.9.23.jar:/Users/santoshsrinivas/.m2/repository/com/google/code/gson/gson/2.8.0/gson-2.8.0.jar:/Users/santoshsrinivas/.m2/repository/com/google/guava/guava/23.0/guava-23.0.jar:/Users/santoshsrinivas/.m2/repository/com/google/code/findbugs/jsr305/1.3.9/jsr305-1.3.9.jar:/Users/santoshsrinivas/.m2/repository/com/google/errorprone/error_prone_annotations/2.0.18/error_prone_annotations-2.0.18.jar:/Users/santoshsrinivas/.m2/repository/com/google/j2objc/j2objc-annotations/1.1/j2objc-annotations-1.1.jar:/Users/santoshsrinivas/.m2/repository/org/codehaus/mojo/animal-sniffer-annotations/1.14/animal-sniffer-annotations-1.14.jar:/Users/santoshsrinivas/.m2/repository/org/hamcrest/hamcrest-core/1.3/hamcrest-core-1.3.jar:/Users/santoshsrinivas/.m2/repository/net/sourceforge/htmlunit/htmlunit/2.27/htmlunit-2.27.jar:/Users/santoshsrinivas/.m2/repository/net/sourceforge/htmlunit/htmlunit-core-js/2.27/htmlunit-core-js-2.27.jar:/Users/santoshsrinivas/.m2/repository/net/sourceforge/htmlunit/neko-htmlunit/2.27/neko-htmlunit-2.27.jar:/Users/santoshsrinivas/.m2/repository/org/apache/httpcomponents/httpclient/4.5.3/httpclient-4.5.3.jar:/Users/santoshsrinivas/.m2/repository/org/apache/httpcomponents/httpcore/4.4.6/httpcore-4.4.6.jar:/Users/santoshsrinivas/.m2/repository/org/apache/httpcomponents/httpmime/4.5.3/httpmime-4.5.3.jar:/Users/santoshsrinivas/.m2/repository/org/eclipse/jetty/jetty-client/9.4.5.v20170502/jetty-client-9.4.5.v20170502.jar:/Users/santoshsrinivas/.m2/repository/org/eclipse/jetty/jetty-http/9.4.5.v20170502/jetty-http-9.4.5.v20170502.jar:/Users/santoshsrinivas/.m2/repository/org/eclipse/jetty/jetty-io/9.4.5.v20170502/jetty-io-9.4.5.v20170502.jar:/Users/santoshsrinivas/.m2/repository/org/eclipse/jetty/jetty-util/9.4.5.v20170502/jetty-util-9.4.5.v20170502.jar:/Users/santoshsrinivas/.m2/repository/net/java/dev/jna/jna/4.1.0/jna-4.1.0.jar:/Users/santoshsrinivas/.m2/repository/net/java/dev/jna/jna-platform/4.1.0/jna-platform-4.1.0.jar:/Users/santoshsrinivas/.m2/repository/junit/junit/4.12/junit-4.12.jar:/Users/santoshsrinivas/.m2/repository/com/codeborne/phantomjsdriver/1.4.0/phantomjsdriver-1.4.0.jar:/Users/santoshsrinivas/.m2/repository/org/seleniumhq/selenium/htmlunit-driver/2.27/htmlunit-driver-2.27.jar:/Users/santoshsrinivas/.m2/repository/javax/servlet/javax.servlet-api/3.1.0/javax.servlet-api-3.1.0.jar:/Users/santoshsrinivas/.m2/repository/org/eclipse/jetty/websocket/websocket-api/9.4.5.v20170502/websocket-api-9.4.5.v20170502.jar:/Users/santoshsrinivas/.m2/repository/org/eclipse/jetty/websocket/websocket-client/9.4.5.v20170502/websocket-client-9.4.5.v20170502.jar:/Users/santoshsrinivas/.m2/repository/org/eclipse/jetty/websocket/websocket-common/9.4.5.v20170502/websocket-common-9.4.5.v20170502.jar:/Users/santoshsrinivas/.m2/repository/xalan/serializer/2.7.2/serializer-2.7.2.jar:/Users/santoshsrinivas/.m2/repository/xalan/xalan/2.7.2/xalan-2.7.2.jar:/Users/santoshsrinivas/.m2/repository/xerces/xercesImpl/2.11.0/xercesImpl-2.11.0.jar:/Users/santoshsrinivas/.m2/repository/xml-apis/xml-apis/1.4.01/xml-apis-1.4.01.jar:/Users/santoshsrinivas/.m2/repository/org/testng/testng/7.1.0/testng-7.1.0.jar:/Users/santoshsrinivas/.m2/repository/com/beust/jcommander/1.72/jcommander-1.72.jar:/Users/santoshsrinivas/.m2/repository/com/google/inject/guice/4.1.0/guice-4.1.0-no_aop.jar:/Users/santoshsrinivas/.m2/repository/javax/inject/javax.inject/1/javax.inject-1.jar:/Users/santoshsrinivas/.m2/repository/aopalliance/aopalliance/1.0/aopalliance-1.0.jar:/Users/santoshsrinivas/.m2/repository/org/yaml/snakeyaml/1.21/snakeyaml-1.21.jar:/Users/santoshsrinivas/.m2/repository/io/rest-assured/rest-assured/4.3.0/rest-assured-4.3.0.jar:/Users/santoshsrinivas/.m2/repository/org/codehaus/groovy/groovy/3.0.2/groovy-3.0.2.jar:/Users/santoshsrinivas/.m2/repository/org/codehaus/groovy/groovy-xml/3.0.2/groovy-xml-3.0.2.jar:/Users/santoshsrinivas/.m2/repository/org/hamcrest/hamcrest/2.1/hamcrest-2.1.jar:/Users/santoshsrinivas/.m2/repository/org/ccil/cowan/tagsoup/tagsoup/1.2.1/tagsoup-1.2.1.jar:/Users/santoshsrinivas/.m2/repository/io/rest-assured/xml-path/4.3.0/xml-path-4.3.0.jar:/Users/santoshsrinivas/.m2/repository/jakarta/xml/bind/jakarta.xml.bind-api/2.3.2/jakarta.xml.bind-api-2.3.2.jar:/Users/santoshsrinivas/.m2/repository/jakarta/activation/jakarta.activation-api/1.2.1/jakarta.activation-api-1.2.1.jar:/Users/santoshsrinivas/.m2/repository/com/sun/xml/bind/jaxb-osgi/2.3.0.1/jaxb-osgi-2.3.0.1.jar:/Users/santoshsrinivas/.m2/repository/org/apache/sling/org.apache.sling.javax.activation/0.1.0/org.apache.sling.javax.activation-0.1.0.jar:/Users/santoshsrinivas/.m2/repository/javax/activation/activation/1.1.1/activation-1.1.1.jar:/Users/santoshsrinivas/.m2/repository/io/rest-assured/json-path/4.3.0/json-path-4.3.0.jar:/Users/santoshsrinivas/.m2/repository/org/codehaus/groovy/groovy-json/3.0.2/groovy-json-3.0.2.jar:/Users/santoshsrinivas/.m2/repository/io/rest-assured/rest-assured-common/4.3.0/rest-assured-common-4.3.0.jar:/Users/santoshsrinivas/.m2/repository/io/rest-assured/json-schema-validator/4.3.0/json-schema-validator-4.3.0.jar:/Users/santoshsrinivas/.m2/repository/com/github/java-json-tools/json-schema-validator/2.2.10/json-schema-validator-2.2.10.jar:/Users/santoshsrinivas/.m2/repository/com/github/java-json-tools/json-schema-core/1.2.10/json-schema-core-1.2.10.jar:/Users/santoshsrinivas/.m2/repository/com/github/java-json-tools/jackson-coreutils/1.9/jackson-coreutils-1.9.jar:/Users/santoshsrinivas/.m2/repository/com/fasterxml/jackson/core/jackson-databind/2.2.3/jackson-databind-2.2.3.jar:/Users/santoshsrinivas/.m2/repository/com/fasterxml/jackson/core/jackson-annotations/2.2.3/jackson-annotations-2.2.3.jar:/Users/santoshsrinivas/.m2/repository/com/github/fge/msg-simple/1.1/msg-simple-1.1.jar:/Users/santoshsrinivas/.m2/repository/com/github/fge/btf/1.2/btf-1.2.jar:/Users/santoshsrinivas/.m2/repository/com/github/fge/uri-template/0.9/uri-template-0.9.jar:/Users/santoshsrinivas/.m2/repository/org/mozilla/rhino/1.7.7.1/rhino-1.7.7.1.jar:/Users/santoshsrinivas/.m2/repository/javax/mail/mailapi/1.4.3/mailapi-1.4.3.jar:/Users/santoshsrinivas/.m2/repository/joda-time/joda-time/2.9.7/joda-time-2.9.7.jar:/Users/santoshsrinivas/.m2/repository/com/googlecode/libphonenumber/libphonenumber/8.0.0/libphonenumber-8.0.0.jar:/Users/santoshsrinivas/.m2/repository/net/sf/jopt-simple/jopt-simple/5.0.3/jopt-simple-5.0.3.jar:/Users/santoshsrinivas/.m2/repository/org/slf4j/slf4j-api/1.7.30/slf4j-api-1.7.30.jar:/Users/santoshsrinivas/.m2/repository/ch/qos/logback/logback-classic/1.2.3/logback-classic-1.2.3.jar:/Users/santoshsrinivas/.m2/repository/ch/qos/logback/logback-core/1.2.3/logback-core-1.2.3.jar:/Users/santoshsrinivas/.m2/repository/org/apache/logging/log4j/log4j-core/2.11.2/log4j-core-2.11.2.jar:/Users/santoshsrinivas/.m2/repository/org/apache/logging/log4j/log4j-api/2.11.2/log4j-api-2.11.2.jar:/Users/santoshsrinivas/.m2/repository/com/fasterxml/jackson/core/jackson-core/2.2.3/jackson-core-2.2.3.jar:/Users/santoshsrinivas/.m2/repository/io/github/bonigarcia/webdrivermanager/3.8.1/webdrivermanager-3.8.1.jar:/Users/santoshsrinivas/.m2/repository/org/rauschig/jarchivelib/1.0.0/jarchivelib-1.0.0.jar:/Users/santoshsrinivas/.m2/repository/org/apache/commons/commons-compress/1.18/commons-compress-1.18.jar:/Users/santoshsrinivas/.m2/repository/org/jsoup/jsoup/1.11.3/jsoup-1.11.3.jar:/Users/santoshsrinivas/.m2/repository/com/btmatthews/hamcrest/hamcrest-matchers/1.0.1/hamcrest-matchers-1.0.1.jar:"/>
    <property name="java.vm.vendor" value="Oracle Corporation"/>
    <property name="sun.arch.data.model" value="64"/>
    <property name="java.vendor.url" value="http://java.oracle.com/"/>
    <property name="user.timezone" value="Asia/Kolkata"/>
    <property name="java.vm.specification.version" value="1.8"/>
    <property name="os.name" value="Mac OS X"/>
    <property name="user.country" value="IN"/>
    <property name="sun.java.launcher" value="SUN_STANDARD"/>
    <property name="sun.boot.library.path" value="/Library/Java/JavaVirtualMachines/jdk1.8.0_251.jdk/Contents/Home/jre/lib"/>
    <property name="sun.java.command" value="/Users/santoshsrinivas/Documents/RestAssuredAutomation/target/surefire/surefirebooter7676797693969616944.jar /Users/santoshsrinivas/Documents/RestAssuredAutomation/target/surefire 2020-06-29T20-40-54_552-jvmRun1 surefire564695909619309794tmp surefire_04400007611536520447tmp"/>
    <property name="http.nonProxyHosts" value="local|*.local|169.254/16|*.169.254/16"/>
    <property name="surefire.test.class.path" value="/Users/santoshsrinivas/Documents/RestAssuredAutomation/target/test-classes:/Users/santoshsrinivas/Documents/RestAssuredAutomation/target/classes:/Users/santoshsrinivas/.m2/repository/org/seleniumhq/selenium/selenium-java/3.5.3/selenium-java-3.5.3.jar:/Users/santoshsrinivas/.m2/repository/org/seleniumhq/selenium/selenium-api/3.5.3/selenium-api-3.5.3.jar:/Users/santoshsrinivas/.m2/repository/org/seleniumhq/selenium/selenium-chrome-driver/3.5.3/selenium-chrome-driver-3.5.3.jar:/Users/santoshsrinivas/.m2/repository/org/seleniumhq/selenium/selenium-edge-driver/3.5.3/selenium-edge-driver-3.5.3.jar:/Users/santoshsrinivas/.m2/repository/org/seleniumhq/selenium/selenium-firefox-driver/3.5.3/selenium-firefox-driver-3.5.3.jar:/Users/santoshsrinivas/.m2/repository/org/seleniumhq/selenium/selenium-ie-driver/3.5.3/selenium-ie-driver-3.5.3.jar:/Users/santoshsrinivas/.m2/repository/org/seleniumhq/selenium/selenium-opera-driver/3.5.3/selenium-opera-driver-3.5.3.jar:/Users/santoshsrinivas/.m2/repository/org/seleniumhq/selenium/selenium-remote-driver/3.5.3/selenium-remote-driver-3.5.3.jar:/Users/santoshsrinivas/.m2/repository/org/seleniumhq/selenium/selenium-safari-driver/3.5.3/selenium-safari-driver-3.5.3.jar:/Users/santoshsrinivas/.m2/repository/org/seleniumhq/selenium/selenium-support/3.5.3/selenium-support-3.5.3.jar:/Users/santoshsrinivas/.m2/repository/cglib/cglib-nodep/3.2.4/cglib-nodep-3.2.4.jar:/Users/santoshsrinivas/.m2/repository/org/apache/commons/commons-exec/1.3/commons-exec-1.3.jar:/Users/santoshsrinivas/.m2/repository/org/apache/commons/commons-lang3/3.5/commons-lang3-3.5.jar:/Users/santoshsrinivas/.m2/repository/commons-codec/commons-codec/1.10/commons-codec-1.10.jar:/Users/santoshsrinivas/.m2/repository/commons-io/commons-io/2.5/commons-io-2.5.jar:/Users/santoshsrinivas/.m2/repository/commons-logging/commons-logging/1.2/commons-logging-1.2.jar:/Users/santoshsrinivas/.m2/repository/org/w3c/css/sac/1.3/sac-1.3.jar:/Users/santoshsrinivas/.m2/repository/net/sourceforge/cssparser/cssparser/0.9.23/cssparser-0.9.23.jar:/Users/santoshsrinivas/.m2/repository/com/google/code/gson/gson/2.8.0/gson-2.8.0.jar:/Users/santoshsrinivas/.m2/repository/com/google/guava/guava/23.0/guava-23.0.jar:/Users/santoshsrinivas/.m2/repository/com/google/code/findbugs/jsr305/1.3.9/jsr305-1.3.9.jar:/Users/santoshsrinivas/.m2/repository/com/google/errorprone/error_prone_annotations/2.0.18/error_prone_annotations-2.0.18.jar:/Users/santoshsrinivas/.m2/repository/com/google/j2objc/j2objc-annotations/1.1/j2objc-annotations-1.1.jar:/Users/santoshsrinivas/.m2/repository/org/codehaus/mojo/animal-sniffer-annotations/1.14/animal-sniffer-annotations-1.14.jar:/Users/santoshsrinivas/.m2/repository/org/hamcrest/hamcrest-core/1.3/hamcrest-core-1.3.jar:/Users/santoshsrinivas/.m2/repository/net/sourceforge/htmlunit/htmlunit/2.27/htmlunit-2.27.jar:/Users/santoshsrinivas/.m2/repository/net/sourceforge/htmlunit/htmlunit-core-js/2.27/htmlunit-core-js-2.27.jar:/Users/santoshsrinivas/.m2/repository/net/sourceforge/htmlunit/neko-htmlunit/2.27/neko-htmlunit-2.27.jar:/Users/santoshsrinivas/.m2/repository/org/apache/httpcomponents/httpclient/4.5.3/httpclient-4.5.3.jar:/Users/santoshsrinivas/.m2/repository/org/apache/httpcomponents/httpcore/4.4.6/httpcore-4.4.6.jar:/Users/santoshsrinivas/.m2/repository/org/apache/httpcomponents/httpmime/4.5.3/httpmime-4.5.3.jar:/Users/santoshsrinivas/.m2/repository/org/eclipse/jetty/jetty-client/9.4.5.v20170502/jetty-client-9.4.5.v20170502.jar:/Users/santoshsrinivas/.m2/repository/org/eclipse/jetty/jetty-http/9.4.5.v20170502/jetty-http-9.4.5.v20170502.jar:/Users/santoshsrinivas/.m2/repository/org/eclipse/jetty/jetty-io/9.4.5.v20170502/jetty-io-9.4.5.v20170502.jar:/Users/santoshsrinivas/.m2/repository/org/eclipse/jetty/jetty-util/9.4.5.v20170502/jetty-util-9.4.5.v20170502.jar:/Users/santoshsrinivas/.m2/repository/net/java/dev/jna/jna/4.1.0/jna-4.1.0.jar:/Users/santoshsrinivas/.m2/repository/net/java/dev/jna/jna-platform/4.1.0/jna-platform-4.1.0.jar:/Users/santoshsrinivas/.m2/repository/junit/junit/4.12/junit-4.12.jar:/Users/santoshsrinivas/.m2/repository/com/codeborne/phantomjsdriver/1.4.0/phantomjsdriver-1.4.0.jar:/Users/santoshsrinivas/.m2/repository/org/seleniumhq/selenium/htmlunit-driver/2.27/htmlunit-driver-2.27.jar:/Users/santoshsrinivas/.m2/repository/javax/servlet/javax.servlet-api/3.1.0/javax.servlet-api-3.1.0.jar:/Users/santoshsrinivas/.m2/repository/org/eclipse/jetty/websocket/websocket-api/9.4.5.v20170502/websocket-api-9.4.5.v20170502.jar:/Users/santoshsrinivas/.m2/repository/org/eclipse/jetty/websocket/websocket-client/9.4.5.v20170502/websocket-client-9.4.5.v20170502.jar:/Users/santoshsrinivas/.m2/repository/org/eclipse/jetty/websocket/websocket-common/9.4.5.v20170502/websocket-common-9.4.5.v20170502.jar:/Users/santoshsrinivas/.m2/repository/xalan/serializer/2.7.2/serializer-2.7.2.jar:/Users/santoshsrinivas/.m2/repository/xalan/xalan/2.7.2/xalan-2.7.2.jar:/Users/santoshsrinivas/.m2/repository/xerces/xercesImpl/2.11.0/xercesImpl-2.11.0.jar:/Users/santoshsrinivas/.m2/repository/xml-apis/xml-apis/1.4.01/xml-apis-1.4.01.jar:/Users/santoshsrinivas/.m2/repository/org/testng/testng/7.1.0/testng-7.1.0.jar:/Users/santoshsrinivas/.m2/repository/com/beust/jcommander/1.72/jcommander-1.72.jar:/Users/santoshsrinivas/.m2/repository/com/google/inject/guice/4.1.0/guice-4.1.0-no_aop.jar:/Users/santoshsrinivas/.m2/repository/javax/inject/javax.inject/1/javax.inject-1.jar:/Users/santoshsrinivas/.m2/repository/aopalliance/aopalliance/1.0/aopalliance-1.0.jar:/Users/santoshsrinivas/.m2/repository/org/yaml/snakeyaml/1.21/snakeyaml-1.21.jar:/Users/santoshsrinivas/.m2/repository/io/rest-assured/rest-assured/4.3.0/rest-assured-4.3.0.jar:/Users/santoshsrinivas/.m2/repository/org/codehaus/groovy/groovy/3.0.2/groovy-3.0.2.jar:/Users/santoshsrinivas/.m2/repository/org/codehaus/groovy/groovy-xml/3.0.2/groovy-xml-3.0.2.jar:/Users/santoshsrinivas/.m2/repository/org/hamcrest/hamcrest/2.1/hamcrest-2.1.jar:/Users/santoshsrinivas/.m2/repository/org/ccil/cowan/tagsoup/tagsoup/1.2.1/tagsoup-1.2.1.jar:/Users/santoshsrinivas/.m2/repository/io/rest-assured/xml-path/4.3.0/xml-path-4.3.0.jar:/Users/santoshsrinivas/.m2/repository/jakarta/xml/bind/jakarta.xml.bind-api/2.3.2/jakarta.xml.bind-api-2.3.2.jar:/Users/santoshsrinivas/.m2/repository/jakarta/activation/jakarta.activation-api/1.2.1/jakarta.activation-api-1.2.1.jar:/Users/santoshsrinivas/.m2/repository/com/sun/xml/bind/jaxb-osgi/2.3.0.1/jaxb-osgi-2.3.0.1.jar:/Users/santoshsrinivas/.m2/repository/org/apache/sling/org.apache.sling.javax.activation/0.1.0/org.apache.sling.javax.activation-0.1.0.jar:/Users/santoshsrinivas/.m2/repository/javax/activation/activation/1.1.1/activation-1.1.1.jar:/Users/santoshsrinivas/.m2/repository/io/rest-assured/json-path/4.3.0/json-path-4.3.0.jar:/Users/santoshsrinivas/.m2/repository/org/codehaus/groovy/groovy-json/3.0.2/groovy-json-3.0.2.jar:/Users/santoshsrinivas/.m2/repository/io/rest-assured/rest-assured-common/4.3.0/rest-assured-common-4.3.0.jar:/Users/santoshsrinivas/.m2/repository/io/rest-assured/json-schema-validator/4.3.0/json-schema-validator-4.3.0.jar:/Users/santoshsrinivas/.m2/repository/com/github/java-json-tools/json-schema-validator/2.2.10/json-schema-validator-2.2.10.jar:/Users/santoshsrinivas/.m2/repository/com/github/java-json-tools/json-schema-core/1.2.10/json-schema-core-1.2.10.jar:/Users/santoshsrinivas/.m2/repository/com/github/java-json-tools/jackson-coreutils/1.9/jackson-coreutils-1.9.jar:/Users/santoshsrinivas/.m2/repository/com/fasterxml/jackson/core/jackson-databind/2.2.3/jackson-databind-2.2.3.jar:/Users/santoshsrinivas/.m2/repository/com/fasterxml/jackson/core/jackson-annotations/2.2.3/jackson-annotations-2.2.3.jar:/Users/santoshsrinivas/.m2/repository/com/github/fge/msg-simple/1.1/msg-simple-1.1.jar:/Users/santoshsrinivas/.m2/repository/com/github/fge/btf/1.2/btf-1.2.jar:/Users/santoshsrinivas/.m2/repository/com/github/fge/uri-template/0.9/uri-template-0.9.jar:/Users/santoshsrinivas/.m2/repository/org/mozilla/rhino/1.7.7.1/rhino-1.7.7.1.jar:/Users/santoshsrinivas/.m2/repository/javax/mail/mailapi/1.4.3/mailapi-1.4.3.jar:/Users/santoshsrinivas/.m2/repository/joda-time/joda-time/2.9.7/joda-time-2.9.7.jar:/Users/santoshsrinivas/.m2/repository/com/googlecode/libphonenumber/libphonenumber/8.0.0/libphonenumber-8.0.0.jar:/Users/santoshsrinivas/.m2/repository/net/sf/jopt-simple/jopt-simple/5.0.3/jopt-simple-5.0.3.jar:/Users/santoshsrinivas/.m2/repository/org/slf4j/slf4j-api/1.7.30/slf4j-api-1.7.30.jar:/Users/santoshsrinivas/.m2/repository/ch/qos/logback/logback-classic/1.2.3/logback-classic-1.2.3.jar:/Users/santoshsrinivas/.m2/repository/ch/qos/logback/logback-core/1.2.3/logback-core-1.2.3.jar:/Users/santoshsrinivas/.m2/repository/org/apache/logging/log4j/log4j-core/2.11.2/log4j-core-2.11.2.jar:/Users/santoshsrinivas/.m2/repository/org/apache/logging/log4j/log4j-api/2.11.2/log4j-api-2.11.2.jar:/Users/santoshsrinivas/.m2/repository/com/fasterxml/jackson/core/jackson-core/2.2.3/jackson-core-2.2.3.jar:/Users/santoshsrinivas/.m2/repository/io/github/bonigarcia/webdrivermanager/3.8.1/webdrivermanager-3.8.1.jar:/Users/santoshsrinivas/.m2/repository/org/rauschig/jarchivelib/1.0.0/jarchivelib-1.0.0.jar:/Users/santoshsrinivas/.m2/repository/org/apache/commons/commons-compress/1.18/commons-compress-1.18.jar:/Users/santoshsrinivas/.m2/repository/org/jsoup/jsoup/1.11.3/jsoup-1.11.3.jar:/Users/santoshsrinivas/.m2/repository/com/btmatthews/hamcrest/hamcrest-matchers/1.0.1/hamcrest-matchers-1.0.1.jar:"/>
    <property name="sun.cpu.endian" value="little"/>
    <property name="user.home" value="/Users/santoshsrinivas"/>
    <property name="user.language" value="en"/>
    <property name="java.specification.vendor" value="Oracle Corporation"/>
    <property name="java.home" value="/Library/Java/JavaVirtualMachines/jdk1.8.0_251.jdk/Contents/Home/jre"/>
    <property name="basedir" value="/Users/santoshsrinivas/Documents/RestAssuredAutomation"/>
    <property name="file.separator" value="/"/>
    <property name="line.separator" value="&#10;"/>
    <property name="java.vm.specification.vendor" value="Oracle Corporation"/>
    <property name="java.specification.name" value="Java Platform API Specification"/>
    <property name="java.awt.graphicsenv" value="sun.awt.CGraphicsEnvironment"/>
    <property name="surefire.real.class.path" value="/Users/santoshsrinivas/Documents/RestAssuredAutomation/target/surefire/surefirebooter7676797693969616944.jar"/>
    <property name="sun.boot.class.path" value="/Library/Java/JavaVirtualMachines/jdk1.8.0_251.jdk/Contents/Home/jre/lib/resources.jar:/Library/Java/JavaVirtualMachines/jdk1.8.0_251.jdk/Contents/Home/jre/lib/rt.jar:/Library/Java/JavaVirtualMachines/jdk1.8.0_251.jdk/Contents/Home/jre/lib/sunrsasign.jar:/Library/Java/JavaVirtualMachines/jdk1.8.0_251.jdk/Contents/Home/jre/lib/jsse.jar:/Library/Java/JavaVirtualMachines/jdk1.8.0_251.jdk/Contents/Home/jre/lib/jce.jar:/Library/Java/JavaVirtualMachines/jdk1.8.0_251.jdk/Contents/Home/jre/lib/charsets.jar:/Library/Java/JavaVirtualMachines/jdk1.8.0_251.jdk/Contents/Home/jre/lib/jfr.jar:/Library/Java/JavaVirtualMachines/jdk1.8.0_251.jdk/Contents/Home/jre/classes"/>
    <property name="sun.management.compiler" value="HotSpot 64-Bit Tiered Compilers"/>
    <property name="ftp.nonProxyHosts" value="local|*.local|169.254/16|*.169.254/16"/>
    <property name="java.runtime.version" value="1.8.0_251-b08"/>
    <property name="user.name" value="santoshsrinivas"/>
    <property name="path.separator" value=":"/>
    <property name="os.version" value="10.14.5"/>
    <property name="java.endorsed.dirs" value="/Library/Java/JavaVirtualMachines/jdk1.8.0_251.jdk/Contents/Home/jre/lib/endorsed"/>
    <property name="java.runtime.name" value="Java(TM) SE Runtime Environment"/>
    <property name="file.encoding" value="UTF-8"/>
    <property name="java.vm.name" value="Java HotSpot(TM) 64-Bit Server VM"/>
    <property name="localRepository" value="/Users/santoshsrinivas/.m2/repository"/>
    <property name="java.vendor.url.bug" value="http://bugreport.sun.com/bugreport/"/>
    <property name="java.io.tmpdir" value="/var/folders/lh/yq0vfbbs66nf2tyblzg0rygr0000gn/T/"/>
    <property name="java.version" value="1.8.0_251"/>
    <property name="user.dir" value="/Users/santoshsrinivas/Documents/RestAssuredAutomation"/>
    <property name="os.arch" value="x86_64"/>
    <property name="java.vm.specification.name" value="Java Virtual Machine Specification"/>
    <property name="java.awt.printerjob" value="sun.lwawt.macosx.CPrinterJob"/>
    <property name="sun.os.patch.level" value="unknown"/>
    <property name="java.library.path" value="/Users/santoshsrinivas/Library/Java/Extensions:/Library/Java/Extensions:/Network/Library/Java/Extensions:/System/Library/Java/Extensions:/usr/lib/java:."/>
    <property name="java.vm.info" value="mixed mode"/>
    <property name="java.vendor" value="Oracle Corporation"/>
    <property name="java.vm.version" value="25.251-b08"/>
    <property name="java.ext.dirs" value="/Users/santoshsrinivas/Library/Java/Extensions:/Library/Java/JavaVirtualMachines/jdk1.8.0_251.jdk/Contents/Home/jre/lib/ext:/Library/Java/Extensions:/Network/Library/Java/Extensions:/System/Library/Java/Extensions:/usr/lib/java"/>
    <property name="sun.io.unicode.encoding" value="UnicodeBig"/>
    <property name="java.class.version" value="52.0"/>
    <property name="socksNonProxyHosts" value="local|*.local|169.254/16|*.169.254/16"/>
  </properties>
  <testcase name="postShopifyProduct" classname="com.san.test.PostProductAPITest" time="6.714"/>
  <testcase name="postShopifyProduct1" classname="com.san.test.PostProductAPITest" time="5.247"/>
  <testcase name="getShopifyProduct" classname="com.san.test.GetProductAPITest" time="1.072"/>
</testsuite>