<?xml version="1.0" encoding="UTF-8"?>
<!-- Generated by org.testng.reporters.JUnitReportReporter -->
<testsuite skipped="0" hostname="Santoshs-MacBook-Air.local" name="com.san.test.GetProductAPITest" tests="1" failures="0" timestamp="2020-06-29T20:41:24 IST" time="1.050" errors="0">
  <testcase name="getShopifyProduct" time="1.050" classname="com.san.test.GetProductAPITest"/>
  <system-out/>
</testsuite> <!-- com.san.test.GetProductAPITest -->
