<?xml version="1.0" encoding="UTF-8"?>
<!-- Generated by org.testng.reporters.JUnitReportReporter -->
<testsuite skipped="0" hostname="Santoshs-MacBook-Air.local" name="com.san.test.PostProductAPITest" tests="2" failures="0" timestamp="2020-06-29T20:41:29 IST" time="11.954" errors="0">
  <testcase name="postShopifyProduct" time="6.711" classname="com.san.test.PostProductAPITest"/>
  <system-out/>
  <testcase name="postShopifyProduct1" time="5.243" classname="com.san.test.PostProductAPITest"/>
  <system-out/>
</testsuite> <!-- com.san.test.PostProductAPITest -->
